<?xml version="1.0" encoding="UTF-8"?>
<!-- Generated by org.testng.reporters.JUnitReportReporter -->
<testsuite hostname="DESKTOP-IU6OU2G" failures="0" tests="2" name="makeMyTripPackage.TestNG_Comprehensive5" time="46.299" errors="0" timestamp="2024-02-04T14:34:43 IST" skipped="0">
  <testcase classname="makeMyTripPackage.TestNG_Comprehensive5" name="launchAppAndVerifyLogo" time="8.026"/>
  <testcase classname="makeMyTripPackage.TestNG_Comprehensive5" name="launchAppAndSelectOneway" time="38.273"/>
</testsuite> <!-- makeMyTripPackage.TestNG_Comprehensive5 -->
